<?xml version="1.0" encoding="UTF-8"?>
<testsuite name="HeapSortTest" tests="6" skipped="0" failures="0" errors="0" timestamp="2023-09-20T15:49:58" hostname="DESKTOP-7IJJI4M" time="0.077">
  <properties/>
  <testcase name="testHeapSortAlreadySorted()" classname="HeapSortTest" time="0.05"/>
  <testcase name="testHeapSortNegativeNumbers()" classname="HeapSortTest" time="0.003"/>
  <testcase name="testHeapSortDescending()" classname="HeapSortTest" time="0.004"/>
  <testcase name="testHeapSortEmptyArray()" classname="HeapSortTest" time="0.002"/>
  <testcase name="testHeapSortSingleElement()" classname="HeapSortTest" time="0.002"/>
  <testcase name="testHeapSortAscending()" classname="HeapSortTest" time="0.002"/>
  <system-out><![CDATA[]]></system-out>
  <system-err><![CDATA[]]></system-err>
</testsuite>
